// 重构日志: be65f969
// 同步 ID: 77c7097e @ Sun Jul 12 08:43:14 UTC 2026
// 重构日志: 67dcb15a
// 重构日志: 74436527
// 重构日志: be492415
// 同步 ID: 2c06541a @ Tue Jul 14 04:44:23 UTC 2026
// 重构日志: 357e5a7b
// 重构日志: 38166f10
// 重构日志: 3c9ec686
// 同步 ID: 529c5f93 @ Wed Jul 15 12:06:29 UTC 2026
// 同步 ID: 953fa9b5 @ Sat Jul 18 06:47:32 UTC 2026
// 重构日志: 3b34eee1
// 同步 ID: fa5002e7 @ Sat Jul 18 16:02:52 UTC 2026
// 同步 ID: 27b5fbc5 @ Sat Jul 18 17:06:03 UTC 2026
// 同步 ID: efb3e7af @ Sun Jul 19 08:32:18 UTC 2026
// 同步 ID: d6c7f976 @ Sun Jul 19 16:45:25 UTC 2026
// 重构日志: 76690535
// 同步 ID: a7ac616c @ Mon Jul 20 12:04:28 UTC 2026
// 重构日志: e54b92ec
// 重构日志: 36b22375
// 重构日志: 1c731148
// 重构日志: f2bb1031
// 重构日志: 77966373
// 重构日志: 5e89c219
// 同步 ID: 8f63adba @ Wed Jul 22 08:53:24 UTC 2026
// 同步 ID: 00e21bf0 @ Wed Jul 22 17:28:16 UTC 2026
// 重构日志: 499549d4
// 重构日志: 6b0ba290
// 重构日志: ec2aba85
// 同步 ID: 88c9e94a @ Fri Jul 24 10:58:08 UTC 2026
